{"message":"Aplicación iniciada correctamente."}
{"message":"Aplicación iniciada correctamente."}
{"message":"Aplicación iniciada correctamente."}
{"message":"Aplicación iniciada correctamente."}
{"message":"Aplicación iniciada correctamente."}
{"message":"Aplicación iniciada correctamente."}
{"message":"Aplicación iniciada correctamente."}
{"message":"Aplicación iniciada correctamente."}
{"message":"Aplicación iniciada correctamente."}
{"message":"Aplicación iniciada correctamente."}
{"message":"Aplicación iniciada correctamente."}
{"message":"Aplicación iniciada correctamente."}
{"message":"Aplicación iniciada correctamente."}
{"message":"Aplicación iniciada correctamente."}
{"message":"Aplicación iniciada correctamente."}
{"message":"Aplicación iniciada correctamente."}
{"message":"Aplicación iniciada correctamente."}
{"message":"Aplicación iniciada correctamente."}
{"message":"Aplicación iniciada correctamente."}
{"message":"Aplicación iniciada correctamente."}
{"message":"Aplicación iniciada correctamente."}
{"message":"Aplicación iniciada correctamente."}
{"message":"Aplicación iniciada correctamente."}
{"message":"Aplicación iniciada correctamente."}
{"message":"Aplicación iniciada correctamente."}
{"message":"Aplicación iniciada correctamente."}
{"message":"Aplicación iniciada correctamente."}
{"message":"Aplicación iniciada correctamente."}
{"message":"Aplicación iniciada correctamente."}
{"message":"Aplicación iniciada correctamente."}
{"message":"Aplicación iniciada correctamente."}
{"message":"Aplicación iniciada correctamente."}
{"message":"Aplicación iniciada correctamente."}
{"message":"Aplicación iniciada correctamente."}
{"message":"Aplicación iniciada correctamente."}
{"message":"Aplicación iniciada correctamente."}
{"message":"Aplicación iniciada correctamente."}
{"message":"Aplicación iniciada correctamente."}
{"message":"Aplicación iniciada correctamente."}
{"message":"Aplicación iniciada correctamente."}
{"message":"Aplicación iniciada correctamente."}
{"message":"Aplicación iniciada correctamente."}
{"message":"Aplicación iniciada correctamente."}
{"message":"Aplicación iniciada correctamente."}
{"message":"Aplicación iniciada correctamente."}
{"message":"Debes iniciar sesión para acceder a esta página."}
{"message":"Aplicación iniciada correctamente."}
{"message":"Debes iniciar sesión para acceder a esta página."}
{"message":"Aplicación iniciada correctamente."}
{"message":"Aplicación iniciada correctamente."}
{"message":"Aplicación iniciada correctamente."}
{"message":"Debes iniciar sesión para acceder a esta página."}
{"message":"Inicio de sesión exitoso."}
{"message":"Aplicación iniciada correctamente."}
{"message":"Debes iniciar sesión para acceder a esta página."}
{"message":"Cuota creada con éxito"}
{"message":"Has cerrado sesión exitosamente."}
{"message":"Aplicación iniciada correctamente."}
{"message":"Aplicación iniciada correctamente."}
{"message":"Aplicación iniciada correctamente."}
{"message":"Aplicación iniciada correctamente."}
{"message":"Aplicación iniciada correctamente."}
{"message":"Aplicación iniciada correctamente."}
