{"pid":16,"ppid":7,"worker":0,"message":"starting fluentd worker pid=16 ppid=7 worker=0"}
{"port":24224,"bind":"0.0.0.0","message":"listening port port=24224 bind=\"0.0.0.0\""}
{"worker":0,"message":"fluentd worker is now running worker=0"}
{"error":"#<ArgumentError: record must be a Hash: String>","location":"/usr/lib/ruby/gems/3.1.0/gems/fluentd-1.15.3/lib/fluent/plugin/output.rb:870:in `metadata'","tag":"app.logs","message":"emit transaction failed: error_class=ArgumentError error=\"record must be a Hash: String\" location=\"/usr/lib/ruby/gems/3.1.0/gems/fluentd-1.15.3/lib/fluent/plugin/output.rb:870:in `metadata'\" tag=\"app.logs\""}
{"host":"172.19.0.4","port":45314,"error":"#<ArgumentError: record must be a Hash: String>","message":"unexpected error on reading data host=\"172.19.0.4\" port=45314 error_class=ArgumentError error=\"record must be a Hash: String\""}
{"error":"#<ArgumentError: record must be a Hash: String>","location":"/usr/lib/ruby/gems/3.1.0/gems/fluentd-1.15.3/lib/fluent/plugin/output.rb:870:in `metadata'","tag":"app.logs","message":"emit transaction failed: error_class=ArgumentError error=\"record must be a Hash: String\" location=\"/usr/lib/ruby/gems/3.1.0/gems/fluentd-1.15.3/lib/fluent/plugin/output.rb:870:in `metadata'\" tag=\"app.logs\""}
{"host":"172.19.0.4","port":59572,"error":"#<ArgumentError: record must be a Hash: String>","message":"unexpected error on reading data host=\"172.19.0.4\" port=59572 error_class=ArgumentError error=\"record must be a Hash: String\""}
{"error":"#<ArgumentError: record must be a Hash: String>","location":"/usr/lib/ruby/gems/3.1.0/gems/fluentd-1.15.3/lib/fluent/plugin/output.rb:870:in `metadata'","tag":"app.logs","message":"emit transaction failed: error_class=ArgumentError error=\"record must be a Hash: String\" location=\"/usr/lib/ruby/gems/3.1.0/gems/fluentd-1.15.3/lib/fluent/plugin/output.rb:870:in `metadata'\" tag=\"app.logs\""}
{"host":"172.19.0.4","port":59574,"error":"#<ArgumentError: record must be a Hash: String>","message":"unexpected error on reading data host=\"172.19.0.4\" port=59574 error_class=ArgumentError error=\"record must be a Hash: String\""}
{"error":"#<ArgumentError: record must be a Hash: String>","location":"/usr/lib/ruby/gems/3.1.0/gems/fluentd-1.15.3/lib/fluent/plugin/output.rb:870:in `metadata'","tag":"app.logs","message":"emit transaction failed: error_class=ArgumentError error=\"record must be a Hash: String\" location=\"/usr/lib/ruby/gems/3.1.0/gems/fluentd-1.15.3/lib/fluent/plugin/output.rb:870:in `metadata'\" tag=\"app.logs\""}
{"host":"172.19.0.4","port":59570,"error":"#<ArgumentError: record must be a Hash: String>","message":"unexpected error on reading data host=\"172.19.0.4\" port=59570 error_class=ArgumentError error=\"record must be a Hash: String\""}
{"worker":0,"message":"fluentd worker is now stopping worker=0"}
{"pid":16,"ppid":7,"worker":0,"message":"starting fluentd worker pid=16 ppid=7 worker=0","log":"starting fluentd worker pid=16 ppid=7 worker=0"}
{"port":24224,"bind":"0.0.0.0","message":"listening port port=24224 bind=\"0.0.0.0\"","log":"listening port port=24224 bind=\"0.0.0.0\""}
{"worker":0,"message":"fluentd worker is now running worker=0","log":"fluentd worker is now running worker=0"}
{"error":"#<NoMethodError: undefined method `merge!' for \"2024-12-04 17:29:05,266 [INFO] Aplicaci\\u00F3n iniciada correctamente.\":String\n\n      new_record.merge!(expand_placeholders(@map, placeholders))\n                ^^^^^^^>","location":"/usr/lib/ruby/gems/3.1.0/gems/fluentd-1.15.3/lib/fluent/plugin/filter_record_transformer.rb:135:in `reform'","tag":"app.logs","time":1733333345,"record":"2024-12-04 17:29:05,266 [INFO] Aplicación iniciada correctamente.","message":"dump an error event: error_class=NoMethodError error=\"undefined method `merge!' for \\\"2024-12-04 17:29:05,266 [INFO] Aplicaci\\\\u00F3n iniciada correctamente.\\\":String\\n\\n      new_record.merge!(expand_placeholders(@map, placeholders))\\n                ^^^^^^^\" location=\"/usr/lib/ruby/gems/3.1.0/gems/fluentd-1.15.3/lib/fluent/plugin/filter_record_transformer.rb:135:in `reform'\" tag=\"app.logs\" time=1733333345 record=\"2024-12-04 17:29:05,266 [INFO] Aplicaci\\u00F3n iniciada correctamente.\"","log":"dump an error event: error_class=NoMethodError error=\"undefined method `merge!' for \\\"2024-12-04 17:29:05,266 [INFO] Aplicaci\\\\u00F3n iniciada correctamente.\\\":String\\n\\n      new_record.merge!(expand_placeholders(@map, placeholders))\\n                ^^^^^^^\" location=\"/usr/lib/ruby/gems/3.1.0/gems/fluentd-1.15.3/lib/fluent/plugin/filter_record_transformer.rb:135:in `reform'\" tag=\"app.logs\" time=1733333345 record=\"2024-12-04 17:29:05,266 [INFO] Aplicaci\\u00F3n iniciada correctamente.\""}
{"error":"#<NoMethodError: undefined method `merge!' for \"2024-12-04 17:29:42,093 [INFO] Ruta principal accedida\":String\n\n      new_record.merge!(expand_placeholders(@map, placeholders))\n                ^^^^^^^>","location":"/usr/lib/ruby/gems/3.1.0/gems/fluentd-1.15.3/lib/fluent/plugin/filter_record_transformer.rb:135:in `reform'","tag":"app.logs","time":1733333382,"record":"2024-12-04 17:29:42,093 [INFO] Ruta principal accedida","message":"dump an error event: error_class=NoMethodError error=\"undefined method `merge!' for \\\"2024-12-04 17:29:42,093 [INFO] Ruta principal accedida\\\":String\\n\\n      new_record.merge!(expand_placeholders(@map, placeholders))\\n                ^^^^^^^\" location=\"/usr/lib/ruby/gems/3.1.0/gems/fluentd-1.15.3/lib/fluent/plugin/filter_record_transformer.rb:135:in `reform'\" tag=\"app.logs\" time=1733333382 record=\"2024-12-04 17:29:42,093 [INFO] Ruta principal accedida\"","log":"dump an error event: error_class=NoMethodError error=\"undefined method `merge!' for \\\"2024-12-04 17:29:42,093 [INFO] Ruta principal accedida\\\":String\\n\\n      new_record.merge!(expand_placeholders(@map, placeholders))\\n                ^^^^^^^\" location=\"/usr/lib/ruby/gems/3.1.0/gems/fluentd-1.15.3/lib/fluent/plugin/filter_record_transformer.rb:135:in `reform'\" tag=\"app.logs\" time=1733333382 record=\"2024-12-04 17:29:42,093 [INFO] Ruta principal accedida\""}
{"error":"#<NoMethodError: undefined method `merge!' for \"2024-12-04 17:29:43,563 [INFO] Ruta principal accedida\":String\n\n      new_record.merge!(expand_placeholders(@map, placeholders))\n                ^^^^^^^>","location":"/usr/lib/ruby/gems/3.1.0/gems/fluentd-1.15.3/lib/fluent/plugin/filter_record_transformer.rb:135:in `reform'","tag":"app.logs","time":1733333383,"record":"2024-12-04 17:29:43,563 [INFO] Ruta principal accedida","message":"dump an error event: error_class=NoMethodError error=\"undefined method `merge!' for \\\"2024-12-04 17:29:43,563 [INFO] Ruta principal accedida\\\":String\\n\\n      new_record.merge!(expand_placeholders(@map, placeholders))\\n                ^^^^^^^\" location=\"/usr/lib/ruby/gems/3.1.0/gems/fluentd-1.15.3/lib/fluent/plugin/filter_record_transformer.rb:135:in `reform'\" tag=\"app.logs\" time=1733333383 record=\"2024-12-04 17:29:43,563 [INFO] Ruta principal accedida\"","log":"dump an error event: error_class=NoMethodError error=\"undefined method `merge!' for \\\"2024-12-04 17:29:43,563 [INFO] Ruta principal accedida\\\":String\\n\\n      new_record.merge!(expand_placeholders(@map, placeholders))\\n                ^^^^^^^\" location=\"/usr/lib/ruby/gems/3.1.0/gems/fluentd-1.15.3/lib/fluent/plugin/filter_record_transformer.rb:135:in `reform'\" tag=\"app.logs\" time=1733333383 record=\"2024-12-04 17:29:43,563 [INFO] Ruta principal accedida\""}
{"error":"#<NoMethodError: undefined method `merge!' for \"2024-12-04 17:29:43,972 [INFO] Ruta principal accedida\":String\n\n      new_record.merge!(expand_placeholders(@map, placeholders))\n                ^^^^^^^>","location":"/usr/lib/ruby/gems/3.1.0/gems/fluentd-1.15.3/lib/fluent/plugin/filter_record_transformer.rb:135:in `reform'","tag":"app.logs","time":1733333383,"record":"2024-12-04 17:29:43,972 [INFO] Ruta principal accedida","message":"dump an error event: error_class=NoMethodError error=\"undefined method `merge!' for \\\"2024-12-04 17:29:43,972 [INFO] Ruta principal accedida\\\":String\\n\\n      new_record.merge!(expand_placeholders(@map, placeholders))\\n                ^^^^^^^\" location=\"/usr/lib/ruby/gems/3.1.0/gems/fluentd-1.15.3/lib/fluent/plugin/filter_record_transformer.rb:135:in `reform'\" tag=\"app.logs\" time=1733333383 record=\"2024-12-04 17:29:43,972 [INFO] Ruta principal accedida\"","log":"dump an error event: error_class=NoMethodError error=\"undefined method `merge!' for \\\"2024-12-04 17:29:43,972 [INFO] Ruta principal accedida\\\":String\\n\\n      new_record.merge!(expand_placeholders(@map, placeholders))\\n                ^^^^^^^\" location=\"/usr/lib/ruby/gems/3.1.0/gems/fluentd-1.15.3/lib/fluent/plugin/filter_record_transformer.rb:135:in `reform'\" tag=\"app.logs\" time=1733333383 record=\"2024-12-04 17:29:43,972 [INFO] Ruta principal accedida\""}
{"error":"#<NoMethodError: undefined method `merge!' for \"2024-12-04 17:29:44,260 [INFO] Ruta principal accedida\":String\n\n      new_record.merge!(expand_placeholders(@map, placeholders))\n                ^^^^^^^>","location":"/usr/lib/ruby/gems/3.1.0/gems/fluentd-1.15.3/lib/fluent/plugin/filter_record_transformer.rb:135:in `reform'","tag":"app.logs","time":1733333384,"record":"2024-12-04 17:29:44,260 [INFO] Ruta principal accedida","message":"dump an error event: error_class=NoMethodError error=\"undefined method `merge!' for \\\"2024-12-04 17:29:44,260 [INFO] Ruta principal accedida\\\":String\\n\\n      new_record.merge!(expand_placeholders(@map, placeholders))\\n                ^^^^^^^\" location=\"/usr/lib/ruby/gems/3.1.0/gems/fluentd-1.15.3/lib/fluent/plugin/filter_record_transformer.rb:135:in `reform'\" tag=\"app.logs\" time=1733333384 record=\"2024-12-04 17:29:44,260 [INFO] Ruta principal accedida\"","log":"dump an error event: error_class=NoMethodError error=\"undefined method `merge!' for \\\"2024-12-04 17:29:44,260 [INFO] Ruta principal accedida\\\":String\\n\\n      new_record.merge!(expand_placeholders(@map, placeholders))\\n                ^^^^^^^\" location=\"/usr/lib/ruby/gems/3.1.0/gems/fluentd-1.15.3/lib/fluent/plugin/filter_record_transformer.rb:135:in `reform'\" tag=\"app.logs\" time=1733333384 record=\"2024-12-04 17:29:44,260 [INFO] Ruta principal accedida\""}
{"error":"#<NoMethodError: undefined method `merge!' for \"2024-12-04 17:29:05,266 [INFO] Aplicaci\\u00F3n iniciada correctamente.\":String\n\n      new_record.merge!(expand_placeholders(@map, placeholders))\n                ^^^^^^^>","location":"/usr/lib/ruby/gems/3.1.0/gems/fluentd-1.15.3/lib/fluent/plugin/filter_record_transformer.rb:135:in `reform'","tag":"app.logs","time":1733333345,"record":"2024-12-04 17:29:05,266 [INFO] Aplicación iniciada correctamente.","message":"dump an error event: error_class=NoMethodError error=\"undefined method `merge!' for \\\"2024-12-04 17:29:05,266 [INFO] Aplicaci\\\\u00F3n iniciada correctamente.\\\":String\\n\\n      new_record.merge!(expand_placeholders(@map, placeholders))\\n                ^^^^^^^\" location=\"/usr/lib/ruby/gems/3.1.0/gems/fluentd-1.15.3/lib/fluent/plugin/filter_record_transformer.rb:135:in `reform'\" tag=\"app.logs\" time=1733333345 record=\"2024-12-04 17:29:05,266 [INFO] Aplicaci\\u00F3n iniciada correctamente.\"","log":"dump an error event: error_class=NoMethodError error=\"undefined method `merge!' for \\\"2024-12-04 17:29:05,266 [INFO] Aplicaci\\\\u00F3n iniciada correctamente.\\\":String\\n\\n      new_record.merge!(expand_placeholders(@map, placeholders))\\n                ^^^^^^^\" location=\"/usr/lib/ruby/gems/3.1.0/gems/fluentd-1.15.3/lib/fluent/plugin/filter_record_transformer.rb:135:in `reform'\" tag=\"app.logs\" time=1733333345 record=\"2024-12-04 17:29:05,266 [INFO] Aplicaci\\u00F3n iniciada correctamente.\""}
{"error":"#<NoMethodError: undefined method `merge!' for \"2024-12-04 17:29:05,266 [INFO] Aplicaci\\u00F3n iniciada correctamente.\":String\n\n      new_record.merge!(expand_placeholders(@map, placeholders))\n                ^^^^^^^>","location":"/usr/lib/ruby/gems/3.1.0/gems/fluentd-1.15.3/lib/fluent/plugin/filter_record_transformer.rb:135:in `reform'","tag":"app.logs","time":1733333345,"record":"2024-12-04 17:29:05,266 [INFO] Aplicación iniciada correctamente.","message":"dump an error event: error_class=NoMethodError error=\"undefined method `merge!' for \\\"2024-12-04 17:29:05,266 [INFO] Aplicaci\\\\u00F3n iniciada correctamente.\\\":String\\n\\n      new_record.merge!(expand_placeholders(@map, placeholders))\\n                ^^^^^^^\" location=\"/usr/lib/ruby/gems/3.1.0/gems/fluentd-1.15.3/lib/fluent/plugin/filter_record_transformer.rb:135:in `reform'\" tag=\"app.logs\" time=1733333345 record=\"2024-12-04 17:29:05,266 [INFO] Aplicaci\\u00F3n iniciada correctamente.\"","log":"dump an error event: error_class=NoMethodError error=\"undefined method `merge!' for \\\"2024-12-04 17:29:05,266 [INFO] Aplicaci\\\\u00F3n iniciada correctamente.\\\":String\\n\\n      new_record.merge!(expand_placeholders(@map, placeholders))\\n                ^^^^^^^\" location=\"/usr/lib/ruby/gems/3.1.0/gems/fluentd-1.15.3/lib/fluent/plugin/filter_record_transformer.rb:135:in `reform'\" tag=\"app.logs\" time=1733333345 record=\"2024-12-04 17:29:05,266 [INFO] Aplicaci\\u00F3n iniciada correctamente.\""}
{"error":"#<NoMethodError: undefined method `merge!' for \"2024-12-04 17:29:05,266 [INFO] Aplicaci\\u00F3n iniciada correctamente.\":String\n\n      new_record.merge!(expand_placeholders(@map, placeholders))\n                ^^^^^^^>","location":"/usr/lib/ruby/gems/3.1.0/gems/fluentd-1.15.3/lib/fluent/plugin/filter_record_transformer.rb:135:in `reform'","tag":"app.logs","time":1733333345,"record":"2024-12-04 17:29:05,266 [INFO] Aplicación iniciada correctamente.","message":"dump an error event: error_class=NoMethodError error=\"undefined method `merge!' for \\\"2024-12-04 17:29:05,266 [INFO] Aplicaci\\\\u00F3n iniciada correctamente.\\\":String\\n\\n      new_record.merge!(expand_placeholders(@map, placeholders))\\n                ^^^^^^^\" location=\"/usr/lib/ruby/gems/3.1.0/gems/fluentd-1.15.3/lib/fluent/plugin/filter_record_transformer.rb:135:in `reform'\" tag=\"app.logs\" time=1733333345 record=\"2024-12-04 17:29:05,266 [INFO] Aplicaci\\u00F3n iniciada correctamente.\"","log":"dump an error event: error_class=NoMethodError error=\"undefined method `merge!' for \\\"2024-12-04 17:29:05,266 [INFO] Aplicaci\\\\u00F3n iniciada correctamente.\\\":String\\n\\n      new_record.merge!(expand_placeholders(@map, placeholders))\\n                ^^^^^^^\" location=\"/usr/lib/ruby/gems/3.1.0/gems/fluentd-1.15.3/lib/fluent/plugin/filter_record_transformer.rb:135:in `reform'\" tag=\"app.logs\" time=1733333345 record=\"2024-12-04 17:29:05,266 [INFO] Aplicaci\\u00F3n iniciada correctamente.\""}
{"worker":0,"message":"fluentd worker is now stopping worker=0","log":"fluentd worker is now stopping worker=0"}
{"message":"Aplicación iniciada correctamente."}
{"message":"Ruta principal accedida"}
{"message":"Aplicación iniciada correctamente."}
{"message":"Ruta principal accedida"}
{"message":"Ruta principal accedida"}
{"message":"Aplicación iniciada correctamente."}
{"message":"Ruta principal accedida"}
{"message":"Ruta principal accedida"}
{"message":"Aplicación iniciada correctamente."}
{"message":"Ruta principal accedida"}
{"message":"Ruta principal accedida"}
{"message":"Ruta principal accedida"}
{"message":"Ruta principal accedida"}
{"message":"Ruta principal accedida"}
{"message":"Ruta principal accedida"}
{"message":"Ruta principal accedida"}
{"message":"Ruta principal accedida"}
{"message":"Ruta principal accedida"}
{"message":"Ruta principal accedida"}
{"message":"Aplicación iniciada correctamente."}
{"message":"Aplicación iniciada correctamente."}
{"message":"Aplicación iniciada correctamente."}
{"message":"Aplicación iniciada correctamente."}
{"message":"Aplicación iniciada correctamente."}
{"message":"Aplicación iniciada correctamente."}
{"message":"Aplicación iniciada correctamente."}
{"message":"Aplicación iniciada correctamente."}
{"message":"Aplicación iniciada correctamente."}
{"message":"Aplicación iniciada correctamente."}
{"message":"Aplicación iniciada correctamente."}
{"message":"Aplicación iniciada correctamente."}
{"message":"Aplicación iniciada correctamente."}
{"message":"Aplicación iniciada correctamente."}
{"message":"Aplicación iniciada correctamente."}
{"message":"Aplicación iniciada correctamente."}
{"message":"Aplicación iniciada correctamente."}
{"message":"Aplicación iniciada correctamente."}
{"message":"Aplicación iniciada correctamente."}
{"message":"Aplicación iniciada correctamente."}
{"message":"Aplicación iniciada correctamente."}
{"message":"Aplicación iniciada correctamente."}
{"message":"Aplicación iniciada correctamente."}
{"message":"Aplicación iniciada correctamente."}
{"message":"Aplicación iniciada correctamente."}
{"message":"Aplicación iniciada correctamente."}
{"message":"Aplicación iniciada correctamente."}
{"message":"Aplicación iniciada correctamente."}
{"message":"Aplicación iniciada correctamente."}
{"message":"Aplicación iniciada correctamente."}
{"message":"Aplicación iniciada correctamente."}
{"message":"Aplicación iniciada correctamente."}
{"message":"Aplicación iniciada correctamente."}
{"message":"Aplicación iniciada correctamente."}
{"message":"Aplicación iniciada correctamente."}
{"message":"Aplicación iniciada correctamente."}
{"message":"Aplicación iniciada correctamente."}
{"message":"Aplicación iniciada correctamente."}
{"message":"Aplicación iniciada correctamente."}
{"message":"Aplicación iniciada correctamente."}
{"message":"Aplicación iniciada correctamente."}
{"message":"Aplicación iniciada correctamente."}
{"message":"Aplicación iniciada correctamente."}
{"message":"Aplicación iniciada correctamente."}
{"message":"Aplicación iniciada correctamente."}
{"message":"Aplicación iniciada correctamente."}
{"message":"Aplicación iniciada correctamente."}
{"message":"Aplicación iniciada correctamente."}
{"message":"Aplicación iniciada correctamente."}
{"message":"Aplicación iniciada correctamente."}
{"message":"Aplicación iniciada correctamente."}
{"message":"Aplicación iniciada correctamente."}
{"message":"Aplicación iniciada correctamente."}
{"message":"Aplicación iniciada correctamente."}
{"message":"Aplicación iniciada correctamente."}
{"message":"Aplicación iniciada correctamente."}
{"message":"Aplicación iniciada correctamente."}
{"message":"Aplicación iniciada correctamente."}
{"message":"Aplicación iniciada correctamente."}
{"message":"Aplicación iniciada correctamente."}
{"message":"Aplicación iniciada correctamente."}
{"message":"Aplicación iniciada correctamente."}
{"message":"Aplicación iniciada correctamente."}
{"message":"Aplicación iniciada correctamente."}
{"message":"Aplicación iniciada correctamente."}
{"message":"Aplicación iniciada correctamente."}
{"message":"Aplicación iniciada correctamente."}
{"message":"Aplicación iniciada correctamente."}
{"message":"Aplicación iniciada correctamente."}
{"message":"Aplicación iniciada correctamente."}
{"message":"Aplicación iniciada correctamente."}
{"message":"Aplicación iniciada correctamente."}
{"message":"Aplicación iniciada correctamente."}
{"message":"Aplicación iniciada correctamente."}
{"message":"Aplicación iniciada correctamente."}
{"message":"Aplicación iniciada correctamente."}
{"message":"Aplicación iniciada correctamente."}
{"message":"Aplicación iniciada correctamente."}
{"message":"Aplicación iniciada correctamente."}
{"message":"Aplicación iniciada correctamente."}
{"message":"Aplicación iniciada correctamente."}
{"message":"Aplicación iniciada correctamente."}
{"message":"Aplicación iniciada correctamente."}
{"message":"Aplicación iniciada correctamente."}
{"message":"Aplicación iniciada correctamente."}
{"message":"Aplicación iniciada correctamente."}
{"message":"Aplicación iniciada correctamente."}
{"message":"Aplicación iniciada correctamente."}
{"message":"Aplicación iniciada correctamente."}
{"message":"Aplicación iniciada correctamente."}
{"message":"Aplicación iniciada correctamente."}
{"message":"Aplicación iniciada correctamente."}
{"message":"Aplicación iniciada correctamente."}
{"message":"Aplicación iniciada correctamente."}
{"message":"Aplicación iniciada correctamente."}
{"message":"Aplicación iniciada correctamente."}
{"message":"Aplicación iniciada correctamente."}
{"message":"Aplicación iniciada correctamente."}
{"message":"Aplicación iniciada correctamente."}
{"message":"Aplicación iniciada correctamente."}
{"message":"Aplicación iniciada correctamente."}
{"message":"Aplicación iniciada correctamente."}
{"message":"Aplicación iniciada correctamente."}
{"message":"Aplicación iniciada correctamente."}
{"message":"Aplicación iniciada correctamente."}
{"message":"Aplicación iniciada correctamente."}
{"message":"Aplicación iniciada correctamente."}
{"message":"Aplicación iniciada correctamente."}
{"message":"Aplicación iniciada correctamente."}
{"message":"Aplicación iniciada correctamente."}
{"message":"Aplicación iniciada correctamente."}
{"message":"Aplicación iniciada correctamente."}
{"message":"Aplicación iniciada correctamente."}
{"message":"Aplicación iniciada correctamente."}
{"message":"Aplicación iniciada correctamente."}
{"message":"Aplicación iniciada correctamente."}
{"message":"Aplicación iniciada correctamente."}
{"message":"Aplicación iniciada correctamente."}
{"message":"Aplicación iniciada correctamente."}
{"message":"Aplicación iniciada correctamente."}
{"message":"Aplicación iniciada correctamente."}
{"message":"Aplicación iniciada correctamente."}
{"message":"Aplicación iniciada correctamente."}
{"message":"Aplicación iniciada correctamente."}
{"message":"Aplicación iniciada correctamente."}
{"message":"Aplicación iniciada correctamente."}
{"message":"Aplicación iniciada correctamente."}
{"message":"Aplicación iniciada correctamente."}
{"message":"Aplicación iniciada correctamente."}
{"message":"Aplicación iniciada correctamente."}
{"message":"Aplicación iniciada correctamente."}
{"message":"Aplicación iniciada correctamente."}
{"message":"Aplicación iniciada correctamente."}
{"message":"Aplicación iniciada correctamente."}
{"message":"Aplicación iniciada correctamente."}
{"message":"Aplicación iniciada correctamente."}
{"message":"Aplicación iniciada correctamente."}
{"message":"Aplicación iniciada correctamente."}
{"message":"Aplicación iniciada correctamente."}
{"message":"Aplicación iniciada correctamente."}
{"message":"Aplicación iniciada correctamente."}
{"message":"Aplicación iniciada correctamente."}
{"message":"Aplicación iniciada correctamente."}
{"message":"Aplicación iniciada correctamente."}
{"message":"Aplicación iniciada correctamente."}
{"message":"Aplicación iniciada correctamente."}
{"message":"Aplicación iniciada correctamente."}
{"message":"Aplicación iniciada correctamente."}
{"message":"Aplicación iniciada correctamente."}
{"message":"Aplicación iniciada correctamente."}
{"message":"Aplicación iniciada correctamente."}
{"message":"Aplicación iniciada correctamente."}
{"message":"Aplicación iniciada correctamente."}
{"message":"Aplicación iniciada correctamente."}
{"message":"Aplicación iniciada correctamente."}
{"message":"Aplicación iniciada correctamente."}
{"message":"Aplicación iniciada correctamente."}
{"message":"Aplicación iniciada correctamente."}
{"message":"Aplicación iniciada correctamente."}
{"message":"Aplicación iniciada correctamente."}
{"message":"Aplicación iniciada correctamente."}
{"message":"Aplicación iniciada correctamente."}
{"message":"Aplicación iniciada correctamente."}
{"message":"Aplicación iniciada correctamente."}
{"message":"Aplicación iniciada correctamente."}
{"message":"Aplicación iniciada correctamente."}
{"message":"Aplicación iniciada correctamente."}
{"message":"Aplicación iniciada correctamente."}
{"message":"Aplicación iniciada correctamente."}
{"message":"Aplicación iniciada correctamente."}
{"message":"Aplicación iniciada correctamente."}
{"message":"Aplicación iniciada correctamente."}
{"message":"Aplicación iniciada correctamente."}
{"message":"Aplicación iniciada correctamente."}
{"message":"Aplicación iniciada correctamente."}
{"message":"Aplicación iniciada correctamente."}
{"message":"Aplicación iniciada correctamente."}
{"message":"Aplicación iniciada correctamente."}
{"message":"Aplicación iniciada correctamente."}
{"message":"Aplicación iniciada correctamente."}
{"message":"Aplicación iniciada correctamente."}
{"message":"Aplicación iniciada correctamente."}
{"message":"Aplicación iniciada correctamente."}
{"message":"Aplicación iniciada correctamente."}
{"message":"Aplicación iniciada correctamente."}
{"message":"Aplicación iniciada correctamente."}
{"message":"Aplicación iniciada correctamente."}
{"message":"Aplicación iniciada correctamente."}
{"message":"Aplicación iniciada correctamente."}
{"message":"Aplicación iniciada correctamente."}
{"message":"Aplicación iniciada correctamente."}
{"message":"Aplicación iniciada correctamente."}
{"message":"Aplicación iniciada correctamente."}
{"message":"Aplicación iniciada correctamente."}
{"message":"Aplicación iniciada correctamente."}
{"message":"Aplicación iniciada correctamente."}
{"message":"Aplicación iniciada correctamente."}
{"message":"Aplicación iniciada correctamente."}
{"message":"Aplicación iniciada correctamente."}
{"message":"Aplicación iniciada correctamente."}
{"message":"Aplicación iniciada correctamente."}
{"message":"Aplicación iniciada correctamente."}
{"message":"Aplicación iniciada correctamente."}
{"message":"Aplicación iniciada correctamente."}
{"message":"Aplicación iniciada correctamente."}
{"message":"Aplicación iniciada correctamente."}
{"message":"Aplicación iniciada correctamente."}
{"message":"Aplicación iniciada correctamente."}
{"message":"Aplicación iniciada correctamente."}
{"message":"Aplicación iniciada correctamente."}
{"message":"Aplicación iniciada correctamente."}
{"message":"Aplicación iniciada correctamente."}
{"message":"Aplicación iniciada correctamente."}
{"message":"Aplicación iniciada correctamente."}
{"message":"Aplicación iniciada correctamente."}
{"message":"Aplicación iniciada correctamente."}
{"message":"Aplicación iniciada correctamente."}
{"message":"Aplicación iniciada correctamente."}
{"message":"Aplicación iniciada correctamente."}
{"message":"Aplicación iniciada correctamente."}
{"message":"Aplicación iniciada correctamente."}
{"message":"Aplicación iniciada correctamente."}
{"message":"Aplicación iniciada correctamente."}
{"message":"Aplicación iniciada correctamente."}
{"message":"Aplicación iniciada correctamente."}
{"message":"Aplicación iniciada correctamente."}
{"message":"Aplicación iniciada correctamente."}
{"message":"Aplicación iniciada correctamente."}
{"message":"Aplicación iniciada correctamente."}
{"message":"Aplicación iniciada correctamente."}
{"message":"Aplicación iniciada correctamente."}
{"message":"Aplicación iniciada correctamente."}
{"message":"Aplicación iniciada correctamente."}
{"message":"Aplicación iniciada correctamente."}
{"message":"Aplicación iniciada correctamente."}
{"message":"Aplicación iniciada correctamente."}
{"message":"Aplicación iniciada correctamente."}
{"message":"Aplicación iniciada correctamente."}
{"message":"Aplicación iniciada correctamente."}
{"message":"Aplicación iniciada correctamente."}
{"message":"Aplicación iniciada correctamente."}
{"message":"Aplicación iniciada correctamente."}
{"message":"Aplicación iniciada correctamente."}
{"message":"Aplicación iniciada correctamente."}
{"message":"Aplicación iniciada correctamente."}
{"message":"Aplicación iniciada correctamente."}
{"message":"Aplicación iniciada correctamente."}
{"message":"Aplicación iniciada correctamente."}
{"message":"Aplicación iniciada correctamente."}
{"message":"Aplicación iniciada correctamente."}
{"message":"Aplicación iniciada correctamente."}
{"message":"Aplicación iniciada correctamente."}
{"message":"Aplicación iniciada correctamente."}
{"message":"Aplicación iniciada correctamente."}
{"message":"Aplicación iniciada correctamente."}
{"message":"Aplicación iniciada correctamente."}
{"message":"Aplicación iniciada correctamente."}
{"message":"Aplicación iniciada correctamente."}
{"message":"Aplicación iniciada correctamente."}
{"message":"Aplicación iniciada correctamente."}
{"message":"Aplicación iniciada correctamente."}
{"message":"Aplicación iniciada correctamente."}
{"message":"Aplicación iniciada correctamente."}
{"message":"Aplicación iniciada correctamente."}
{"message":"Aplicación iniciada correctamente."}
{"message":"Aplicación iniciada correctamente."}
{"message":"Aplicación iniciada correctamente."}
{"message":"Aplicación iniciada correctamente."}
{"message":"Aplicación iniciada correctamente."}
{"message":"Aplicación iniciada correctamente."}
{"message":"Aplicación iniciada correctamente."}
{"message":"Aplicación iniciada correctamente."}
{"message":"Aplicación iniciada correctamente."}
{"message":"Aplicación iniciada correctamente."}
{"message":"Aplicación iniciada correctamente."}
{"message":"Aplicación iniciada correctamente."}
{"message":"Aplicación iniciada correctamente."}
{"message":"Aplicación iniciada correctamente."}
{"message":"Aplicación iniciada correctamente."}
{"message":"Aplicación iniciada correctamente."}
{"message":"Aplicación iniciada correctamente."}
{"message":"Aplicación iniciada correctamente."}
{"message":"Aplicación iniciada correctamente."}
{"message":"Aplicación iniciada correctamente."}
{"message":"Aplicación iniciada correctamente."}
{"message":"Aplicación iniciada correctamente."}
{"message":"Aplicación iniciada correctamente."}
{"message":"Aplicación iniciada correctamente."}
{"message":"Aplicación iniciada correctamente."}
{"message":"Aplicación iniciada correctamente."}
{"message":"Aplicación iniciada correctamente."}
{"message":"Aplicación iniciada correctamente."}
{"message":"Aplicación iniciada correctamente."}
{"message":"Aplicación iniciada correctamente."}
{"message":"Aplicación iniciada correctamente."}
{"message":"Aplicación iniciada correctamente."}
{"message":"Aplicación iniciada correctamente."}
{"message":"Aplicación iniciada correctamente."}
{"message":"Aplicación iniciada correctamente."}
{"message":"Aplicación iniciada correctamente."}
{"message":"Aplicación iniciada correctamente."}
{"message":"Aplicación iniciada correctamente."}
{"message":"Aplicación iniciada correctamente."}
{"message":"Aplicación iniciada correctamente."}
{"message":"Aplicación iniciada correctamente."}
{"message":"Aplicación iniciada correctamente."}
{"message":"Aplicación iniciada correctamente."}
{"message":"Aplicación iniciada correctamente."}
{"message":"Aplicación iniciada correctamente."}
{"message":"Aplicación iniciada correctamente."}
{"message":"Aplicación iniciada correctamente."}
{"message":"Aplicación iniciada correctamente."}
{"message":"Aplicación iniciada correctamente."}
{"message":"Aplicación iniciada correctamente."}
{"message":"Aplicación iniciada correctamente."}
{"message":"Aplicación iniciada correctamente."}
{"message":"Aplicación iniciada correctamente."}
{"message":"Aplicación iniciada correctamente."}
{"message":"Aplicación iniciada correctamente."}
{"message":"Aplicación iniciada correctamente."}
{"message":"Aplicación iniciada correctamente."}
{"message":"Aplicación iniciada correctamente."}
{"message":"Aplicación iniciada correctamente."}
{"message":"Aplicación iniciada correctamente."}
{"message":"Aplicación iniciada correctamente."}
{"message":"Aplicación iniciada correctamente."}
{"message":"Aplicación iniciada correctamente."}
{"message":"Aplicación iniciada correctamente."}
{"message":"Aplicación iniciada correctamente."}
{"message":"Aplicación iniciada correctamente."}
{"message":"Aplicación iniciada correctamente."}
{"message":"Aplicación iniciada correctamente."}
{"message":"Aplicación iniciada correctamente."}
{"message":"Aplicación iniciada correctamente."}
{"message":"Aplicación iniciada correctamente."}
{"message":"Aplicación iniciada correctamente."}
{"message":"Aplicación iniciada correctamente."}
{"message":"Aplicación iniciada correctamente."}
{"message":"Aplicación iniciada correctamente."}
{"message":"Aplicación iniciada correctamente."}
{"message":"Aplicación iniciada correctamente."}
{"message":"Aplicación iniciada correctamente."}
{"message":"Aplicación iniciada correctamente."}
{"message":"Aplicación iniciada correctamente."}
{"message":"Aplicación iniciada correctamente."}
{"message":"Aplicación iniciada correctamente."}
{"message":"Aplicación iniciada correctamente."}
{"message":"Aplicación iniciada correctamente."}
{"message":"Aplicación iniciada correctamente."}
{"message":"Aplicación iniciada correctamente."}
{"message":"Aplicación iniciada correctamente."}
{"message":"Aplicación iniciada correctamente."}
{"message":"Aplicación iniciada correctamente."}
{"message":"Aplicación iniciada correctamente."}
{"message":"Aplicación iniciada correctamente."}
